<?xml version="1.0" encoding="UTF-8"?>
<!-- Generated by org.testng.reporters.JUnitReportReporter -->
<testsuite hostname="DESKTOP-J4BQAMD" failures="0" tests="1" name="tests.Fourth" time="0.001" errors="0" timestamp="2021-02-15T03:00:37 IST" skipped="0">
  <testcase classname="tests.Fourth" name="fourthTest" time="0.001"/>
  <system-out/>
</testsuite> <!-- tests.Fourth -->
