<?xml version="1.0" encoding="UTF-8"?>
<!-- Generated by org.testng.reporters.JUnitReportReporter -->
<testsuite hostname="DESKTOP-J4BQAMD" failures="0" tests="1" name="tests.LoginPageTest" time="15.726" errors="0" timestamp="2021-02-15T16:23:33 IST" skipped="0">
  <testcase classname="tests.LoginPageTest" name="test" time="15.726"/>
  <system-out/>
</testsuite> <!-- tests.LoginPageTest -->
