<?xml version="1.0" encoding="UTF-8"?>
<!-- Generated by org.testng.reporters.JUnitReportReporter -->
<testsuite hostname="DESKTOP-J4BQAMD" failures="0" tests="1" name="runner.TestRunner" time="9.381" errors="0" timestamp="2021-02-15T17:35:24 IST" skipped="0">
  <testcase classname="runner.TestRunner" name="feature" time="9.381"/>
  <system-out/>
</testsuite> <!-- runner.TestRunner -->
