<?xml version="1.0" encoding="UTF-8"?>
<!-- Generated by org.testng.reporters.JUnitReportReporter -->
<testsuite hostname="DESKTOP-J4BQAMD" failures="0" tests="1" name="tests.TwoTest" time="22.522" errors="0" timestamp="2021-02-15T16:23:33 IST" skipped="0">
  <testcase classname="tests.TwoTest" name="secondTest" time="22.522"/>
  <system-out/>
</testsuite> <!-- tests.TwoTest -->
