<?xml version="1.0" encoding="UTF-8"?>
<!-- Generated by org.testng.reporters.JUnitReportReporter -->
<testsuite skipped="0" hostname="DESKTOP-J4BQAMD" name="runner.TestRunner" tests="1" failures="0" timestamp="2021-02-15T17:42:20 IST" time="8.984" errors="0">
  <testcase name="feature" time="8.984" classname="runner.TestRunner"/>
  <system-out/>
</testsuite> <!-- runner.TestRunner -->
