<?xml version="1.0" encoding="UTF-8"?>
<!-- Generated by org.testng.reporters.JUnitReportReporter -->
<testsuite skipped="0" hostname="DESKTOP-J4BQAMD" name="tests.LoginPageTest" tests="4" failures="0" timestamp="2021-02-15T02:30:16 IST" time="35.381" errors="0">
  <testcase name="test" time="9.593" classname="tests.LoginPageTest"/>
  <system-out/>
  <testcase name="test" time="8.955" classname="tests.LoginPageTest"/>
  <system-out/>
  <testcase name="test" time="8.669" classname="tests.LoginPageTest"/>
  <system-out/>
  <testcase name="test" time="8.164" classname="tests.LoginPageTest"/>
  <system-out/>
</testsuite> <!-- tests.LoginPageTest -->
