<?xml version="1.0" encoding="UTF-8"?>
<!-- Generated by org.testng.reporters.JUnitReportReporter -->
<testsuite skipped="0" hostname="DESKTOP-J4BQAMD" name="tests.TwoTest" tests="1" failures="0" timestamp="2021-02-15T02:30:16 IST" time="0.001" errors="0">
  <testcase name="secondTest" time="0.001" classname="tests.TwoTest"/>
  <system-out/>
</testsuite> <!-- tests.TwoTest -->
