<?xml version="1.0" encoding="UTF-8"?>
<!-- Generated by org.testng.reporters.JUnitReportReporter -->
<testsuite skipped="0" hostname="DESKTOP-J4BQAMD" name="tests.Fourth" tests="1" failures="0" timestamp="2021-02-15T02:30:16 IST" time="0.000" errors="0">
  <testcase name="fourthTest" time="0.000" classname="tests.Fourth"/>
  <system-out/>
</testsuite> <!-- tests.Fourth -->
